<?xml version="1.0" encoding="UTF-8"?>
<testng-results skipped="0" failed="0" total="1" passed="1">
  <reporter-output>
  </reporter-output>
  <suite name="Suite" duration-ms="13391" started-at="2016-05-02T14:31:47Z" finished-at="2016-05-02T14:32:01Z">
    <groups>
    </groups>
    <test name="Test" duration-ms="13391" started-at="2016-05-02T14:31:47Z" finished-at="2016-05-02T14:32:01Z">
      <class name="test.TestWithPageFactory">
        <test-method status="PASS" signature="setup()[pri:0, instance:test.TestWithPageFactory@1933fd1]" name="setup" is-config="true" duration-ms="11085" started-at="2016-05-02T10:31:47Z" finished-at="2016-05-02T10:31:59Z">
          <reporter-output>
          </reporter-output>
        </test-method> <!-- setup -->
        <test-method status="PASS" signature="testHomePageAppearCorrect()[pri:0, instance:test.TestWithPageFactory@1933fd1]" name="testHomePageAppearCorrect" duration-ms="2287" started-at="2016-05-02T10:31:59Z" finished-at="2016-05-02T10:32:01Z">
          <reporter-output>
          </reporter-output>
        </test-method> <!-- testHomePageAppearCorrect -->
      </class> <!-- test.TestWithPageFactory -->
    </test> <!-- Test -->
  </suite> <!-- Suite -->
</testng-results>
